<?xml version="1.0" encoding="UTF-8"?>
<!-- Generated by org.testng.reporters.JUnitReportReporter -->
<testsuite hostname="LAPTOP-NT7ELRKO" name="test.checkbox" tests="5" failures="0" timestamp="31 Aug 2021 06:01:42 GMT" time="104.821" errors="0">
  <testcase name="radioselect" time="22.634" classname="test.checkbox"/>
  <testcase name="setup" time="17.133" classname="test.checkbox"/>
  <testcase name="drop" time="24.740" classname="test.checkbox"/>
  <testcase name="checkboxselect" time="19.661" classname="test.checkbox"/>
  <testcase name="multipledrop" time="20.653" classname="test.checkbox"/>
</testsuite> <!-- test.checkbox -->
