<?xml version="1.0" encoding="UTF-8"?>
<!-- Generated by org.testng.reporters.JUnitReportReporter -->
<testsuite hostname="LAPTOP-NT7ELRKO" name="test.elementdisplay" tests="2" failures="0" timestamp="31 Aug 2021 11:00:27 GMT" time="30.810" errors="0">
  <testcase name="element" time="15.757" classname="test.elementdisplay"/>
  <testcase name="setup" time="15.053" classname="test.elementdisplay"/>
</testsuite> <!-- test.elementdisplay -->
