<?xml version="1.0" encoding="UTF-8"?>
<!-- Generated by org.testng.reporters.JUnitReportReporter -->
<testsuite hostname="LAPTOP-NT7ELRKO" name="test.new_window" tests="2" failures="0" timestamp="31 Aug 2021 11:56:34 GMT" time="78.656" errors="0">
  <testcase name="window" time="56.545" classname="test.new_window"/>
  <testcase name="setup" time="22.111" classname="test.new_window"/>
</testsuite> <!-- test.new_window -->
