<?xml version="1.0" encoding="UTF-8"?>
<!-- Generated by org.testng.reporters.JUnitReportReporter -->
<testsuite hostname="LAPTOP-NT7ELRKO" name="test.alert" tests="2" failures="0" timestamp="31 Aug 2021 06:20:49 GMT" time="43.838" errors="0">
  <testcase name="alertwrite" time="19.922" classname="test.alert"/>
  <testcase name="setup" time="23.916" classname="test.alert"/>
</testsuite> <!-- test.alert -->
