<?xml version="1.0" encoding="UTF-8"?>
<!-- Generated by org.testng.reporters.JUnitReportReporter -->
<testsuite hostname="LAPTOP-NT7ELRKO" name="test.select" tests="3" failures="0" timestamp="31 Aug 2021 06:01:42 GMT" time="81.719" errors="0">
  <testcase name="radioselect" time="30.291" classname="test.select"/>
  <testcase name="drop" time="28.928" classname="test.select"/>
  <testcase name="setup" time="22.500" classname="test.select"/>
</testsuite> <!-- test.select -->
