<?xml version="1.0" encoding="UTF-8"?>
<!-- Generated by org.testng.reporters.JUnitReportReporter -->
<testsuite hostname="LAPTOP-NT7ELRKO" name="test.radio" tests="2" failures="0" timestamp="31 Aug 2021 11:44:21 GMT" time="33.587" errors="0">
  <testcase name="radioselect" time="17.782" classname="test.radio"/>
  <testcase name="setup" time="15.805" classname="test.radio"/>
</testsuite> <!-- test.radio -->
