<?xml version="1.0" encoding="UTF-8"?>
<!-- Generated by org.testng.reporters.JUnitReportReporter -->
<testsuite hostname="LAPTOP-NT7ELRKO" name="test.elementdisplay" tests="2" failures="0" timestamp="31 Aug 2021 06:27:40 GMT" time="30.993" errors="0">
  <testcase name="element" time="13.168" classname="test.elementdisplay"/>
  <testcase name="setup" time="17.825" classname="test.elementdisplay"/>
</testsuite> <!-- test.elementdisplay -->
