<?xml version="1.0" encoding="UTF-8"?>
<!-- Generated by org.testng.reporters.JUnitReportReporter -->
<testsuite hostname="LAPTOP-NT7ELRKO" name="test.radio" tests="2" failures="0" timestamp="1 Sep 2021 06:52:07 GMT" time="38.427" errors="0">
  <testcase name="setup" time="22.087" classname="test.radio"/>
  <testcase name="radioselect" time="16.340" classname="test.radio"/>
</testsuite> <!-- test.radio -->
