<?xml version="1.0" encoding="UTF-8"?>
<!-- Generated by org.testng.reporters.JUnitReportReporter -->
<testsuite hostname="LAPTOP-NT7ELRKO" name="test.new_window" tests="2" failures="0" timestamp="1 Sep 2021 09:42:18 GMT" time="57.442" errors="0">
  <testcase name="setup" time="25.609" classname="test.new_window"/>
  <testcase name="window" time="31.833" classname="test.new_window"/>
</testsuite> <!-- test.new_window -->
