<?xml version="1.0" encoding="UTF-8"?>
<!-- Generated by org.testng.reporters.JUnitReportReporter -->
<testsuite hostname="LAPTOP-NT7ELRKO" name="test.alert" tests="2" failures="0" timestamp="31 Aug 2021 10:41:45 GMT" time="35.895" errors="0">
  <testcase name="alertwrite" time="20.073" classname="test.alert"/>
  <testcase name="setup" time="15.822" classname="test.alert"/>
</testsuite> <!-- test.alert -->
