<?xml version="1.0" encoding="UTF-8"?>
<!-- Generated by org.testng.reporters.JUnitReportReporter -->
<testsuite hostname="LAPTOP-NT7ELRKO" name="test.multipleselect" tests="4" failures="0" timestamp="31 Aug 2021 06:01:42 GMT" time="94.186" errors="0">
  <testcase name="radioselect" time="18.649" classname="test.multipleselect"/>
  <testcase name="drop" time="18.280" classname="test.multipleselect"/>
  <testcase name="setup" time="27.690" classname="test.multipleselect"/>
  <testcase name="multipledrop" time="29.567" classname="test.multipleselect"/>
</testsuite> <!-- test.multipleselect -->
