<?xml version="1.0" encoding="UTF-8"?>
<!-- Generated by org.testng.reporters.JUnitReportReporter -->
<testsuite hostname="LAPTOP-NT7ELRKO" name="test.launch" tests="1" failures="0" timestamp="31 Aug 2021 07:15:05 GMT" time="23.531" errors="0">
  <testcase name="setup" time="23.531" classname="test.launch"/>
</testsuite> <!-- test.launch -->
