<?xml version="1.0" encoding="UTF-8"?>
<!-- Generated by org.testng.reporters.JUnitReportReporter -->
<testsuite hostname="LAPTOP-NT7ELRKO" name="test.radio" tests="2" failures="0" timestamp="31 Aug 2021 06:01:42 GMT" time="45.964" errors="0">
  <testcase name="radioselect" time="20.701" classname="test.radio"/>
  <testcase name="setup" time="25.263" classname="test.radio"/>
</testsuite> <!-- test.radio -->
